2017-11-29 23:10:27 - PHP Notice:  Undefined variable: result in /home/alegar/alegar.com.ua/tvoeokno/catalog/controller/product/category.php on line 378
2017-11-29 23:10:32 - PHP Notice:  Undefined index: product_id in /home/alegar/alegar.com.ua/tvoeokno/catalog/controller/product/category.php on line 378
2017-11-29 23:10:37 - PHP Notice:  Undefined variable: result in /home/alegar/alegar.com.ua/tvoeokno/catalog/controller/product/category.php on line 378
2017-11-29 23:10:49 - PHP Notice:  Undefined variable: result in /home/alegar/alegar.com.ua/tvoeokno/catalog/controller/product/category.php on line 378
2017-11-29 23:10:55 - PHP Notice:  Undefined variable: result in /home/alegar/alegar.com.ua/tvoeokno/catalog/controller/product/category.php on line 378
2017-11-29 23:33:10 - PHP Notice:  Undefined variable: supermenu_settings in /home/alegar/alegar.com.ua/tvoeokno/system/storage/modification/catalog/view/theme/default/template/common/header.tpl on line 42
2017-11-29 23:33:10 - PHP Notice:  Undefined variable: supermenu in /home/alegar/alegar.com.ua/tvoeokno/system/storage/modification/catalog/view/theme/default/template/common/header.tpl on line 102
2017-11-30 0:14:10 - PHP Notice:  Undefined index: keyword in /home/alegar/alegar.com.ua/tvoeokno/catalog/controller/blog/category.php on line 170
2017-11-30 0:14:10 - PHP Notice:  Undefined index: keyword in /home/alegar/alegar.com.ua/tvoeokno/catalog/controller/blog/category.php on line 170
2017-11-30 1:19:33 - PHP Notice:  Undefined variable: blog_category_id in /home/alegar/alegar.com.ua/tvoeokno/catalog/controller/common/home.php on line 33
2017-11-30 1:19:33 - PHP Notice:  Undefined variable: pagefix in /home/alegar/alegar.com.ua/tvoeokno/catalog/controller/common/home.php on line 33
2017-11-30 1:19:33 - PHP Notice:  Undefined variable: limit in /home/alegar/alegar.com.ua/tvoeokno/catalog/controller/common/home.php on line 33
2017-11-30 1:19:37 - PHP Notice:  Undefined variable: blog_category_id in /home/alegar/alegar.com.ua/tvoeokno/catalog/controller/common/home.php on line 33
2017-11-30 1:19:37 - PHP Notice:  Undefined variable: pagefix in /home/alegar/alegar.com.ua/tvoeokno/catalog/controller/common/home.php on line 33
2017-11-30 1:19:37 - PHP Notice:  Undefined variable: limit in /home/alegar/alegar.com.ua/tvoeokno/catalog/controller/common/home.php on line 33
2017-11-30 1:21:04 - PHP Notice:  Undefined variable: manufacturers in /home/alegar/alegar.com.ua/tvoeokno/catalog/view/theme/default/template/common/home.tpl on line 15
2017-11-30 1:21:04 - PHP Warning:  Invalid argument supplied for foreach() in /home/alegar/alegar.com.ua/tvoeokno/catalog/view/theme/default/template/common/home.tpl on line 15
2017-11-30 1:21:04 - PHP Notice:  Undefined index: name in /home/alegar/alegar.com.ua/tvoeokno/catalog/view/theme/default/template/common/home.tpl on line 25
2017-11-30 1:21:04 - PHP Notice:  Undefined index: name in /home/alegar/alegar.com.ua/tvoeokno/catalog/view/theme/default/template/common/home.tpl on line 25
2017-11-30 1:21:11 - PHP Notice:  Undefined variable: manufacturers in /home/alegar/alegar.com.ua/tvoeokno/catalog/view/theme/default/template/common/home.tpl on line 15
2017-11-30 1:21:11 - PHP Warning:  Invalid argument supplied for foreach() in /home/alegar/alegar.com.ua/tvoeokno/catalog/view/theme/default/template/common/home.tpl on line 15
2017-11-30 1:21:11 - PHP Notice:  Undefined index: name in /home/alegar/alegar.com.ua/tvoeokno/catalog/view/theme/default/template/common/home.tpl on line 25
2017-11-30 1:21:11 - PHP Notice:  Undefined index: name in /home/alegar/alegar.com.ua/tvoeokno/catalog/view/theme/default/template/common/home.tpl on line 25
2017-11-30 1:21:46 - PHP Notice:  Undefined index: keyword in /home/alegar/alegar.com.ua/tvoeokno/catalog/view/theme/default/template/common/home.tpl on line 18
2017-11-30 1:21:46 - PHP Notice:  Undefined index: keyword in /home/alegar/alegar.com.ua/tvoeokno/catalog/view/theme/default/template/common/home.tpl on line 18
2017-11-30 1:21:46 - PHP Notice:  Undefined index: keyword in /home/alegar/alegar.com.ua/tvoeokno/catalog/view/theme/default/template/common/home.tpl on line 18
2017-11-30 1:21:46 - PHP Notice:  Undefined index: keyword in /home/alegar/alegar.com.ua/tvoeokno/catalog/view/theme/default/template/common/home.tpl on line 18
2017-11-30 1:21:46 - PHP Notice:  Undefined index: keyword in /home/alegar/alegar.com.ua/tvoeokno/catalog/view/theme/default/template/common/home.tpl on line 18
2017-11-30 1:21:46 - PHP Notice:  Undefined index: keyword in /home/alegar/alegar.com.ua/tvoeokno/catalog/view/theme/default/template/common/home.tpl on line 18
2017-11-30 1:21:46 - PHP Notice:  Undefined index: name in /home/alegar/alegar.com.ua/tvoeokno/catalog/view/theme/default/template/common/home.tpl on line 25
2017-11-30 1:21:46 - PHP Notice:  Undefined index: name in /home/alegar/alegar.com.ua/tvoeokno/catalog/view/theme/default/template/common/home.tpl on line 25
2017-11-30 1:21:58 - PHP Notice:  Undefined index: keyword in /home/alegar/alegar.com.ua/tvoeokno/catalog/view/theme/default/template/common/home.tpl on line 18
2017-11-30 1:21:58 - PHP Notice:  Undefined index: keyword in /home/alegar/alegar.com.ua/tvoeokno/catalog/view/theme/default/template/common/home.tpl on line 18
2017-11-30 1:21:58 - PHP Notice:  Undefined index: keyword in /home/alegar/alegar.com.ua/tvoeokno/catalog/view/theme/default/template/common/home.tpl on line 18
2017-11-30 1:21:58 - PHP Notice:  Undefined index: keyword in /home/alegar/alegar.com.ua/tvoeokno/catalog/view/theme/default/template/common/home.tpl on line 18
2017-11-30 1:21:58 - PHP Notice:  Undefined index: keyword in /home/alegar/alegar.com.ua/tvoeokno/catalog/view/theme/default/template/common/home.tpl on line 18
2017-11-30 1:21:58 - PHP Notice:  Undefined index: keyword in /home/alegar/alegar.com.ua/tvoeokno/catalog/view/theme/default/template/common/home.tpl on line 18
2017-11-30 1:21:58 - PHP Notice:  Undefined index: name in /home/alegar/alegar.com.ua/tvoeokno/catalog/view/theme/default/template/common/home.tpl on line 25
2017-11-30 1:21:58 - PHP Notice:  Undefined index: name in /home/alegar/alegar.com.ua/tvoeokno/catalog/view/theme/default/template/common/home.tpl on line 25
2017-11-30 1:22:00 - PHP Notice:  Undefined index: keyword in /home/alegar/alegar.com.ua/tvoeokno/catalog/view/theme/default/template/common/home.tpl on line 18
2017-11-30 1:22:00 - PHP Notice:  Undefined index: keyword in /home/alegar/alegar.com.ua/tvoeokno/catalog/view/theme/default/template/common/home.tpl on line 18
2017-11-30 1:22:00 - PHP Notice:  Undefined index: keyword in /home/alegar/alegar.com.ua/tvoeokno/catalog/view/theme/default/template/common/home.tpl on line 18
2017-11-30 1:22:00 - PHP Notice:  Undefined index: keyword in /home/alegar/alegar.com.ua/tvoeokno/catalog/view/theme/default/template/common/home.tpl on line 18
2017-11-30 1:22:00 - PHP Notice:  Undefined index: keyword in /home/alegar/alegar.com.ua/tvoeokno/catalog/view/theme/default/template/common/home.tpl on line 18
2017-11-30 1:22:00 - PHP Notice:  Undefined index: keyword in /home/alegar/alegar.com.ua/tvoeokno/catalog/view/theme/default/template/common/home.tpl on line 18
2017-11-30 1:22:00 - PHP Notice:  Undefined index: name in /home/alegar/alegar.com.ua/tvoeokno/catalog/view/theme/default/template/common/home.tpl on line 25
2017-11-30 1:22:00 - PHP Notice:  Undefined index: name in /home/alegar/alegar.com.ua/tvoeokno/catalog/view/theme/default/template/common/home.tpl on line 25
2017-11-30 1:23:25 - PHP Notice:  Undefined index: keyword in /home/alegar/alegar.com.ua/tvoeokno/catalog/view/theme/default/template/common/home.tpl on line 18
2017-11-30 1:23:25 - PHP Notice:  Undefined index: keyword in /home/alegar/alegar.com.ua/tvoeokno/catalog/view/theme/default/template/common/home.tpl on line 18
2017-11-30 1:23:25 - PHP Notice:  Undefined index: keyword in /home/alegar/alegar.com.ua/tvoeokno/catalog/view/theme/default/template/common/home.tpl on line 18
2017-11-30 1:23:25 - PHP Notice:  Undefined index: keyword in /home/alegar/alegar.com.ua/tvoeokno/catalog/view/theme/default/template/common/home.tpl on line 18
2017-11-30 1:23:25 - PHP Notice:  Undefined index: keyword in /home/alegar/alegar.com.ua/tvoeokno/catalog/view/theme/default/template/common/home.tpl on line 18
2017-11-30 1:23:25 - PHP Notice:  Undefined index: keyword in /home/alegar/alegar.com.ua/tvoeokno/catalog/view/theme/default/template/common/home.tpl on line 18
2017-11-30 1:49:13 - PHP Unknown:  Only variables should be passed by reference in /home/alegar/alegar.com.ua/tvoeokno/admin/controller/blog/blog.php on line 206
2017-11-30 1:49:13 - PHP Unknown:  Only variables should be passed by reference in /home/alegar/alegar.com.ua/tvoeokno/admin/controller/blog/blog.php on line 206
2017-11-30 1:49:13 - PHP Unknown:  Only variables should be passed by reference in /home/alegar/alegar.com.ua/tvoeokno/admin/controller/blog/blog.php on line 206
2017-11-30 1:49:13 - PHP Unknown:  Only variables should be passed by reference in /home/alegar/alegar.com.ua/tvoeokno/admin/controller/blog/blog.php on line 206
2017-11-30 1:50:26 - PHP Unknown:  Only variables should be passed by reference in /home/alegar/alegar.com.ua/tvoeokno/admin/controller/blog/blog.php on line 198
2017-11-30 1:50:26 - PHP Unknown:  Only variables should be passed by reference in /home/alegar/alegar.com.ua/tvoeokno/admin/controller/blog/blog.php on line 198
2017-11-30 1:50:26 - PHP Unknown:  Only variables should be passed by reference in /home/alegar/alegar.com.ua/tvoeokno/admin/controller/blog/blog.php on line 198
2017-11-30 1:50:26 - PHP Unknown:  Only variables should be passed by reference in /home/alegar/alegar.com.ua/tvoeokno/admin/controller/blog/blog.php on line 198
2017-11-30 1:53:07 - PHP Notice:  Undefined variable: result in /home/alegar/alegar.com.ua/tvoeokno/catalog/controller/product/category.php on line 378
2017-11-30 1:53:22 - PHP Notice:  Undefined variable: result in /home/alegar/alegar.com.ua/tvoeokno/catalog/controller/product/category.php on line 378
2017-11-30 1:53:29 - PHP Notice:  Undefined variable: result in /home/alegar/alegar.com.ua/tvoeokno/catalog/controller/product/category.php on line 378
2017-11-30 1:53:39 - PHP Notice:  Undefined variable: result in /home/alegar/alegar.com.ua/tvoeokno/catalog/controller/product/category.php on line 378
2017-11-30 1:53:40 - PHP Notice:  Undefined variable: result in /home/alegar/alegar.com.ua/tvoeokno/catalog/controller/product/category.php on line 378
2017-11-30 1:53:41 - PHP Notice:  Undefined variable: result in /home/alegar/alegar.com.ua/tvoeokno/catalog/controller/product/category.php on line 378
2017-11-30 1:53:42 - PHP Notice:  Undefined variable: result in /home/alegar/alegar.com.ua/tvoeokno/catalog/controller/product/category.php on line 378
2017-11-30 1:53:43 - PHP Notice:  Undefined variable: result in /home/alegar/alegar.com.ua/tvoeokno/catalog/controller/product/category.php on line 378
2017-11-30 1:53:51 - PHP Notice:  Undefined variable: result in /home/alegar/alegar.com.ua/tvoeokno/catalog/controller/product/category.php on line 378
2017-11-30 1:53:56 - PHP Notice:  Undefined variable: result in /home/alegar/alegar.com.ua/tvoeokno/catalog/controller/product/category.php on line 378
2017-11-30 1:53:59 - PHP Notice:  Undefined variable: result in /home/alegar/alegar.com.ua/tvoeokno/catalog/controller/product/category.php on line 378
2017-11-30 1:58:22 - PHP Notice:  Undefined variable: result in /home/alegar/alegar.com.ua/tvoeokno/catalog/controller/product/category.php on line 378
2017-11-30 2:14:57 - PHP Notice:  Undefined variable: result in /home/alegar/alegar.com.ua/tvoeokno/catalog/controller/product/category.php on line 378
2017-11-30 2:17:04 - PHP Notice:  Undefined variable: result in /home/alegar/alegar.com.ua/tvoeokno/catalog/controller/product/category.php on line 378
2017-11-30 2:17:05 - PHP Notice:  Undefined variable: result in /home/alegar/alegar.com.ua/tvoeokno/catalog/controller/product/category.php on line 378
2017-11-30 2:17:15 - PHP Notice:  Undefined variable: result in /home/alegar/alegar.com.ua/tvoeokno/catalog/controller/product/category.php on line 378
2017-11-30 2:17:50 - PHP Notice:  Undefined variable: result in /home/alegar/alegar.com.ua/tvoeokno/catalog/controller/product/category.php on line 378
2017-11-30 11:55:58 - PHP Notice:  Error: Could not load template /home/alegar/alegar.com.ua/tvoeokno/catalog/view/theme/default/template/extension/module/category.tpl! in /home/alegar/alegar.com.ua/tvoeokno/system/storage/modification/system/library/template/php.php on line 23
2017-11-30 11:56:13 - PHP Notice:  Error: Could not load template /home/alegar/alegar.com.ua/tvoeokno/catalog/view/theme/default/template/module/supermenu.tpl! in /home/alegar/alegar.com.ua/tvoeokno/system/storage/modification/system/library/template/php.php on line 23
2017-11-30 11:56:48 - PHP Notice:  Error: Could not load template /home/alegar/alegar.com.ua/tvoeokno/catalog/view/theme/default/template/module/supermenu.tpl! in /home/alegar/alegar.com.ua/tvoeokno/system/storage/modification/system/library/template/php.php on line 23
2017-11-30 11:56:50 - PHP Notice:  Error: Could not load template /home/alegar/alegar.com.ua/tvoeokno/catalog/view/theme/default/template/module/supermenu.tpl! in /home/alegar/alegar.com.ua/tvoeokno/system/storage/modification/system/library/template/php.php on line 23
2017-11-30 11:57:08 - PHP Notice:  Error: Could not load template /home/alegar/alegar.com.ua/tvoeokno/catalog/view/theme/default/template/module/supermenu.tpl! in /home/alegar/alegar.com.ua/tvoeokno/system/storage/modification/system/library/template/php.php on line 23
